tgbot/internal/infrastructure/runtime_database/runtime_database.go:21:	NewDatabase		0.0%
tgbot/internal/infrastructure/runtime_database/runtime_database.go:31:	Set			100.0%
tgbot/internal/infrastructure/runtime_database/runtime_database.go:37:	List			100.0%
tgbot/internal/infrastructure/runtime_database/runtime_database.go:47:	Add			100.0%
tgbot/internal/infrastructure/runtime_database/runtime_database.go:55:	Delete			100.0%
tgbot/internal/logic/modules/mint_information/mint_information.go:25:	NewGetTitleModule	100.0%
tgbot/internal/logic/modules/mint_information/mint_information.go:32:	GetTitle		100.0%
tgbot/internal/logic/modules/mint_information/parsers/HTML/HTML.go:16:	NewParser		100.0%
tgbot/internal/logic/modules/mint_information/parsers/HTML/HTML.go:20:	Parse			72.7%
tgbot/internal/logic/modules/mint_information/parsers/HTML/HTML.go:44:	getName			85.7%
tgbot/internal/logic/modules/mint_information/parsers/HTML/HTML.go:56:	getLastUPD		100.0%
tgbot/internal/logic/modules/notifier/notifier.go:44:			NewNotifier		100.0%
tgbot/internal/logic/modules/notifier/notifier.go:53:			CheckUpdates		0.0%
tgbot/internal/logic/modules/notifier/notifier.go:63:			checkListForUpdates	0.0%
tgbot/internal/logic/modules/notifier/notifier.go:94:			IsUpdated		100.0%
tgbot/internal/logic/use_case/add_use_case/add_use_case.go:26:		NewAddUseCase		100.0%
tgbot/internal/logic/use_case/add_use_case/add_use_case.go:33:		Add			100.0%
tgbot/internal/logic/use_case/delete_use_case/delete_use_case.go:19:	NewDeleteUseCase	100.0%
tgbot/internal/logic/use_case/delete_use_case/delete_use_case.go:23:	Delete			100.0%
tgbot/internal/logic/use_case/list_use_case/list_use_case.go:20:	NewListUseCase		100.0%
tgbot/internal/logic/use_case/list_use_case/list_use_case.go:24:	List			100.0%
tgbot/internal/logic/use_case/list_use_case/list_use_case.go:29:	getMessage		100.0%
tgbot/internal/logic/use_case/list_use_case/list_use_case.go:39:	getMessageBody		100.0%
total:									(statements)		75.6%
